This file contains any messages produced by compilers while
running configure, to aid debugging if configure makes a mistake.

It was created by gnome-doc-utils configure 0.20.10, which was
generated by GNU Autoconf 2.66.  Invocation command line was

  $ ./configure 

## --------- ##
## Platform. ##
## --------- ##

hostname = blackiii
uname -m = arm
uname -r = 3.2.0-25-generic
uname -s = Linux
uname -v = #40-Ubuntu SMP Wed May 23 20:30:51 UTC 2012

/usr/bin/uname -p = unknown
/bin/uname -X     = unknown

/bin/arch              = arm
/usr/bin/arch -k       = arm
/usr/convex/getsysinfo = unknown
/usr/bin/hostinfo      = unknown
/bin/machine           = unknown
/usr/bin/oslevel       = unknown
/bin/universe          = unknown

PATH: /host_usr/bin
PATH: /scratchbox/devkits/hashutils-squeeze-sdk/bin
PATH: /scratchbox/devkits/debian-squeeze/bin
PATH: /scratchbox/devkits/perl/bin
PATH: /scratchbox/devkits/qemu/bin
PATH: /scratchbox/tools/bin
PATH: /targets/links/arch_tools/bin
PATH: /scratchbox/compilers/bin
PATH: /bin
PATH: /usr/bin
PATH: /usr/local/bin
PATH: /usr/X11R6/bin
PATH: /sbin
PATH: /usr/sbin


## ----------- ##
## Core tests. ##
## ----------- ##

configure:2271: checking for a BSD-compatible install
configure:2339: result: /scratchbox/tools/bin/install -c
configure:2350: checking whether build environment is sane
configure:2400: result: yes
configure:2541: checking for a thread-safe mkdir -p
configure:2580: result: /scratchbox/tools/bin/mkdir -p
configure:2593: checking for gawk
configure:2609: found /scratchbox/tools/bin/gawk
configure:2620: result: gawk
configure:2631: checking whether make sets $(MAKE)
configure:2653: result: yes
configure:2752: checking for gawk
configure:2779: result: gawk
configure:2797: checking whether ln -s works
configure:2801: result: yes
configure:2937: checking for a Python interpreter with version >= 2.4
configure:2954: python -c import sys # split strings by '.' and convert to numeric. Append some zeros # because we need at least 4 digits for the hex conversion. # map returns an iterator in Python 3.0 and a list in 2.x minver = list(map(int, '2.4'.split('.'))) + [0, 0, 0] minverhex = 0 # xrange is not present in Python 3.0 and range returns an iterator for i in list(range(0, 4)): minverhex = (minverhex << 8) + minver[i] sys.exit(sys.hexversion < minverhex)
configure:2957: $? = 0
configure:2963: result: python
configure:2971: checking for python
configure:2989: found /usr/bin/python
configure:3001: result: /usr/bin/python
configure:3019: checking for python version
configure:3026: result: 2.6
configure:3038: checking for python platform
configure:3045: result: linux2
configure:3052: checking for python script directory
configure:3081: result: ${prefix}/lib/python2.6/dist-packages
configure:3090: checking for python extension module directory
configure:3119: result: ${exec_prefix}/lib/python2.6/dist-packages
configure:3187: checking for pkg-config
configure:3205: found /usr/bin/pkg-config
configure:3217: result: /usr/bin/pkg-config
configure:3242: checking pkg-config is at least version 0.9.0
configure:3245: result: yes
configure:3255: checking for GNOME_DOC_UTILS
configure:3265: $PKG_CONFIG --exists --print-errors "
	libxml2 >= 2.6.12
	libxslt1.1    >= 1.1.8
"
Package libxml2 was not found in the pkg-config search path.
Perhaps you should add the directory containing `libxml2.pc'
to the PKG_CONFIG_PATH environment variable
No package 'libxml2' found
Package libxslt1.1 was not found in the pkg-config search path.
Perhaps you should add the directory containing `libxslt1.1.pc'
to the PKG_CONFIG_PATH environment variable
No package 'libxslt1.1' found
configure:3271: $? = 1
configure:3312: result: no
No package 'libxml2' found
No package 'libxslt1.1' found
configure:3334: error: Package requirements (
	libxml2 >= 2.6.12
	libxslt1.1    >= 1.1.8
) were not met:

No package 'libxml2' found
No package 'libxslt1.1' found

Consider adjusting the PKG_CONFIG_PATH environment variable if you
installed software in a non-standard prefix.

Alternatively, you may set the environment variables GNOME_DOC_UTILS_CFLAGS
and GNOME_DOC_UTILS_LIBS to avoid the need to call pkg-config.
See the pkg-config man page for more details.

## ---------------- ##
## Cache variables. ##
## ---------------- ##

ac_cv_env_CC_set=
ac_cv_env_CC_value=
ac_cv_env_CFLAGS_set=
ac_cv_env_CFLAGS_value=
ac_cv_env_CPPFLAGS_set=
ac_cv_env_CPPFLAGS_value=
ac_cv_env_CPP_set=
ac_cv_env_CPP_value=
ac_cv_env_GNOME_DOC_UTILS_CFLAGS_set=set
ac_cv_env_GNOME_DOC_UTILS_CFLAGS_value=
ac_cv_env_GNOME_DOC_UTILS_LIBS_set=set
ac_cv_env_GNOME_DOC_UTILS_LIBS_value=' -lxslt1.1 -lxsml2'
ac_cv_env_LDFLAGS_set=
ac_cv_env_LDFLAGS_value=
ac_cv_env_LIBS_set=
ac_cv_env_LIBS_value=
ac_cv_env_PKG_CONFIG_LIBDIR_set=
ac_cv_env_PKG_CONFIG_LIBDIR_value=
ac_cv_env_PKG_CONFIG_PATH_set=set
ac_cv_env_PKG_CONFIG_PATH_value='/usr/share/pkgconfig:/opt/maemo/share/pkgconfig '
ac_cv_env_PKG_CONFIG_set=
ac_cv_env_PKG_CONFIG_value=
ac_cv_env_build_alias_set=
ac_cv_env_build_alias_value=
ac_cv_env_host_alias_set=
ac_cv_env_host_alias_value=
ac_cv_env_target_alias_set=
ac_cv_env_target_alias_value=
ac_cv_path_PYTHON=/usr/bin/python
ac_cv_path_ac_pt_PKG_CONFIG=/usr/bin/pkg-config
ac_cv_path_install='/scratchbox/tools/bin/install -c'
ac_cv_path_mkdir=/scratchbox/tools/bin/mkdir
ac_cv_prog_AWK=gawk
ac_cv_prog_make_make_set=yes
am_cv_pathless_PYTHON=python
am_cv_python_platform=linux2
am_cv_python_pyexecdir='${exec_prefix}/lib/python2.6/dist-packages'
am_cv_python_pythondir='${prefix}/lib/python2.6/dist-packages'
am_cv_python_version=2.6
gdu_cv_have_gdu=yes
pkg_cv_GNOME_DOC_UTILS_LIBS=' -lxslt1.1 -lxsml2'

## ----------------- ##
## Output variables. ##
## ----------------- ##

ACLOCAL='${SHELL} /home/qwazix/cordia/gnome-doc-utils-0.20.10/missing --run aclocal-1.11'
ALL_LINGUAS=''
AMDEPBACKSLASH=''
AMDEP_FALSE=''
AMDEP_TRUE=''
AMTAR='${SHELL} /home/qwazix/cordia/gnome-doc-utils-0.20.10/missing --run tar'
AM_BACKSLASH='\'
AM_DEFAULT_VERBOSITY='0'
AUTOCONF='${SHELL} /home/qwazix/cordia/gnome-doc-utils-0.20.10/missing --run autoconf'
AUTOHEADER='${SHELL} /home/qwazix/cordia/gnome-doc-utils-0.20.10/missing --run autoheader'
AUTOMAKE='${SHELL} /home/qwazix/cordia/gnome-doc-utils-0.20.10/missing --run automake-1.11'
AWK='gawk'
CATALOGS=''
CATOBJEXT=''
CC=''
CCDEPMODE=''
CFLAGS=''
CPP=''
CPPFLAGS=''
CYGPATH_W='echo'
DATADIRNAME=''
DEFS=''
DEPDIR=''
DISTCHECK_CONFIGURE_FLAGS='--disable-scrollkeeper '
DOC_USER_FORMATS=''
ECHO_C=''
ECHO_N='-n'
ECHO_T=''
EGREP=''
ENABLE_BUILD_UTILS_FALSE='#'
ENABLE_BUILD_UTILS_TRUE=''
ENABLE_DOCUMENTATION_FALSE='#'
ENABLE_DOCUMENTATION_TRUE=''
ENABLE_SK_FALSE='#'
ENABLE_SK_TRUE=''
EXEEXT=''
GDU_AWK='gawk --traditional'
GETTEXT_PACKAGE=''
GMOFILES=''
GMSGFMT=''
GNOME_DOC_UTILS_CFLAGS=''
GNOME_DOC_UTILS_LIBS=' -lxslt1.1 -lxsml2'
GREP=''
HAVE_GNOME_DOC_UTILS_FALSE='#'
HAVE_GNOME_DOC_UTILS_TRUE=''
HELP_DIR='${datadir}/gnome/help'
INSTALL_DATA='${INSTALL} -m 644'
INSTALL_PROGRAM='${INSTALL}'
INSTALL_SCRIPT='${INSTALL}'
INSTALL_STRIP_PROGRAM='$(install_sh) -c -s'
INSTOBJEXT=''
INTLLIBS=''
INTLTOOL_CAVES_RULE=''
INTLTOOL_DESKTOP_RULE=''
INTLTOOL_DIRECTORY_RULE=''
INTLTOOL_EXTRACT=''
INTLTOOL_KBD_RULE=''
INTLTOOL_KEYS_RULE=''
INTLTOOL_MERGE=''
INTLTOOL_OAF_RULE=''
INTLTOOL_PERL=''
INTLTOOL_POLICY_RULE=''
INTLTOOL_PONG_RULE=''
INTLTOOL_PROP_RULE=''
INTLTOOL_SCHEMAS_RULE=''
INTLTOOL_SERVER_RULE=''
INTLTOOL_SERVICE_RULE=''
INTLTOOL_SHEET_RULE=''
INTLTOOL_SOUNDLIST_RULE=''
INTLTOOL_THEME_RULE=''
INTLTOOL_UI_RULE=''
INTLTOOL_UPDATE=''
INTLTOOL_XAM_RULE=''
INTLTOOL_XML_NOMERGE_RULE=''
INTLTOOL_XML_RULE=''
LDFLAGS=''
LIBOBJS=''
LIBS=''
LN_S='ln -s'
LTLIBOBJS=''
MAKEINFO='${SHELL} /home/qwazix/cordia/gnome-doc-utils-0.20.10/missing --run makeinfo'
MKDIR_P='/scratchbox/tools/bin/mkdir -p'
MKINSTALLDIRS=''
MSGFMT=''
MSGFMT_OPTS=''
MSGMERGE=''
OBJEXT=''
OMF_DIR='${datadir}/omf'
PACKAGE='gnome-doc-utils'
PACKAGE_BUGREPORT='http://bugzilla.gnome.org/enter_bug.cgi?product=gnome-doc-utils'
PACKAGE_NAME='gnome-doc-utils'
PACKAGE_STRING='gnome-doc-utils 0.20.10'
PACKAGE_TARNAME='gnome-doc-utils'
PACKAGE_URL=''
PACKAGE_VERSION='0.20.10'
PATH_SEPARATOR=':'
PKG_CONFIG='/usr/bin/pkg-config'
PKG_CONFIG_LIBDIR=''
PKG_CONFIG_PATH='/usr/share/pkgconfig:/opt/maemo/share/pkgconfig '
POFILES=''
POSUB=''
PO_IN_DATADIR_FALSE=''
PO_IN_DATADIR_TRUE=''
PYTHON='/usr/bin/python'
PYTHON_EXEC_PREFIX='${exec_prefix}'
PYTHON_PLATFORM='linux2'
PYTHON_PREFIX='${prefix}'
PYTHON_VERSION='2.6'
SET_MAKE=''
SHELL='/bin/sh'
STRIP=''
USE_NLS=''
VERSION='0.20.10'
XGETTEXT=''
ac_ct_CC=''
am__EXEEXT_FALSE=''
am__EXEEXT_TRUE=''
am__fastdepCC_FALSE=''
am__fastdepCC_TRUE=''
am__include=''
am__isrc=''
am__leading_dot='.'
am__quote=''
am__tar='${AMTAR} chof - "$$tardir"'
am__untar='${AMTAR} xf -'
bindir='${exec_prefix}/bin'
build=''
build_alias=''
build_cpu=''
build_os=''
build_vendor=''
datadir='${datarootdir}'
datarootdir='${prefix}/share'
docdir='${datarootdir}/doc/${PACKAGE_TARNAME}'
dvidir='${docdir}'
exec_prefix='NONE'
host=''
host_alias=''
host_cpu=''
host_os=''
host_vendor=''
htmldir='${docdir}'
includedir='${prefix}/include'
infodir='${datarootdir}/info'
install_sh='${SHELL} /home/qwazix/cordia/gnome-doc-utils-0.20.10/install-sh'
libdir='${exec_prefix}/lib'
libexecdir='${exec_prefix}/libexec'
localedir='${datarootdir}/locale'
localstatedir='${prefix}/var'
mandir='${datarootdir}/man'
mkdir_p='/scratchbox/tools/bin/mkdir -p'
oldincludedir='/usr/include'
pdfdir='${docdir}'
pkgpyexecdir='${pyexecdir}/gnome-doc-utils'
pkgpythondir='${pythondir}/gnome-doc-utils'
prefix='NONE'
program_transform_name='s,x,x,'
psdir='${docdir}'
pyexecdir='${exec_prefix}/lib/python2.6/dist-packages'
pythondir='${prefix}/lib/python2.6/dist-packages'
sbindir='${exec_prefix}/sbin'
sharedstatedir='${prefix}/com'
sysconfdir='${prefix}/etc'
target_alias=''

## ----------- ##
## confdefs.h. ##
## ----------- ##

/* confdefs.h */
#define PACKAGE_NAME "gnome-doc-utils"
#define PACKAGE_TARNAME "gnome-doc-utils"
#define PACKAGE_VERSION "0.20.10"
#define PACKAGE_STRING "gnome-doc-utils 0.20.10"
#define PACKAGE_BUGREPORT "http://bugzilla.gnome.org/enter_bug.cgi?product=gnome-doc-utils"
#define PACKAGE_URL ""
#define PACKAGE "gnome-doc-utils"
#define VERSION "0.20.10"

configure: exit 1
